TN:
SF:src/shared/index.ts
FN:15,(anonymous_0)
FN:15,(anonymous_1)
FN:15,(anonymous_2)
FN:15,(anonymous_3)
FN:19,(anonymous_4)
FN:30,(anonymous_5)
FN:31,(anonymous_6)
FN:32,(anonymous_7)
FN:33,(anonymous_8)
FN:34,(anonymous_9)
FN:35,(anonymous_10)
FN:50,(anonymous_11)
FN:50,(anonymous_12)
FN:50,(anonymous_13)
FN:50,(anonymous_14)
FN:55,(anonymous_15)
FN:56,(anonymous_16)
FN:57,(anonymous_17)
FN:58,(anonymous_18)
FN:59,(anonymous_19)
FN:60,(anonymous_20)
FN:61,(anonymous_21)
FN:62,(anonymous_22)
FN:63,(anonymous_23)
FN:68,(anonymous_24)
FN:69,(anonymous_25)
FN:70,(anonymous_26)
FN:71,(anonymous_27)
FN:72,(anonymous_28)
FN:73,(anonymous_29)
FN:74,(anonymous_30)
FN:75,(anonymous_31)
FN:79,(anonymous_32)
FN:80,(anonymous_33)
FN:81,(anonymous_34)
FN:82,(anonymous_35)
FN:83,(anonymous_36)
FN:84,(anonymous_37)
FN:85,(anonymous_38)
FNF:39
FNH:0
FNDA:0,(anonymous_0)
FNDA:0,(anonymous_1)
FNDA:0,(anonymous_2)
FNDA:0,(anonymous_3)
FNDA:0,(anonymous_4)
FNDA:0,(anonymous_5)
FNDA:0,(anonymous_6)
FNDA:0,(anonymous_7)
FNDA:0,(anonymous_8)
FNDA:0,(anonymous_9)
FNDA:0,(anonymous_10)
FNDA:0,(anonymous_11)
FNDA:0,(anonymous_12)
FNDA:0,(anonymous_13)
FNDA:0,(anonymous_14)
FNDA:0,(anonymous_15)
FNDA:0,(anonymous_16)
FNDA:0,(anonymous_17)
FNDA:0,(anonymous_18)
FNDA:0,(anonymous_19)
FNDA:0,(anonymous_20)
FNDA:0,(anonymous_21)
FNDA:0,(anonymous_22)
FNDA:0,(anonymous_23)
FNDA:0,(anonymous_24)
FNDA:0,(anonymous_25)
FNDA:0,(anonymous_26)
FNDA:0,(anonymous_27)
FNDA:0,(anonymous_28)
FNDA:0,(anonymous_29)
FNDA:0,(anonymous_30)
FNDA:0,(anonymous_31)
FNDA:0,(anonymous_32)
FNDA:0,(anonymous_33)
FNDA:0,(anonymous_34)
FNDA:0,(anonymous_35)
FNDA:0,(anonymous_36)
FNDA:0,(anonymous_37)
FNDA:0,(anonymous_38)
DA:15,0
DA:19,0
DA:29,0
DA:30,0
DA:31,0
DA:32,0
DA:33,0
DA:34,0
DA:35,0
DA:50,0
DA:54,0
DA:55,0
DA:56,0
DA:57,0
DA:58,0
DA:59,0
DA:60,0
DA:61,0
DA:62,0
DA:63,0
DA:67,0
DA:68,0
DA:69,0
DA:70,0
DA:71,0
DA:72,0
DA:73,0
DA:74,0
DA:75,0
DA:78,0
DA:79,0
DA:80,0
DA:81,0
DA:82,0
DA:83,0
DA:84,0
DA:85,0
LF:37
LH:0
BRF:0
BRH:0
end_of_record
TN:
SF:src/shared/constants/errorCodes.ts
FNF:0
FNH:0
DA:21,0
LF:1
LH:0
BRF:0
BRH:0
end_of_record
TN:
SF:src/shared/constants/index.ts
FN:5,(anonymous_0)
FN:8,(anonymous_1)
FN:8,(anonymous_2)
FN:8,(anonymous_3)
FNF:4
FNH:0
FNDA:0,(anonymous_0)
FNDA:0,(anonymous_1)
FNDA:0,(anonymous_2)
FNDA:0,(anonymous_3)
DA:5,0
DA:8,0
LF:2
LH:0
BRF:0
BRH:0
end_of_record
TN:
SF:src/shared/constants/limits.ts
FNF:0
FNH:0
DA:7,0
DA:42,0
DA:49,0
LF:3
LH:0
BRF:0
BRH:0
end_of_record
TN:
SF:src/shared/errors/AppError.ts
FN:15,(anonymous_0)
FN:25,(anonymous_1)
FN:35,(anonymous_2)
FN:49,(anonymous_3)
FN:59,(anonymous_4)
FN:69,(anonymous_5)
FN:79,(anonymous_6)
FN:89,(anonymous_7)
FNF:8
FNH:0
FNDA:0,(anonymous_0)
FNDA:0,(anonymous_1)
FNDA:0,(anonymous_2)
FNDA:0,(anonymous_3)
FNDA:0,(anonymous_4)
FNDA:0,(anonymous_5)
FNDA:0,(anonymous_6)
FNDA:0,(anonymous_7)
DA:8,0
DA:9,0
DA:14,0
DA:16,0
DA:17,0
DA:24,0
DA:26,0
DA:27,0
DA:34,0
DA:40,0
DA:41,0
DA:48,0
DA:50,0
DA:51,0
DA:58,0
DA:60,0
DA:61,0
DA:68,0
DA:70,0
DA:71,0
DA:78,0
DA:80,0
DA:81,0
DA:88,0
DA:90,0
DA:91,0
LF:26
LH:0
BRDA:37,0,0,0
BRF:1
BRH:0
end_of_record
TN:
SF:src/shared/errors/BaseError.ts
FN:16,(anonymous_0)
FN:43,(anonymous_1)
FN:57,(anonymous_2)
FNF:3
FNH:0
FNDA:0,(anonymous_0)
FNDA:0,(anonymous_1)
FNDA:0,(anonymous_2)
DA:8,0
DA:10,0
DA:11,0
DA:12,0
DA:13,0
DA:14,0
DA:22,0
DA:23,0
DA:24,0
DA:25,0
DA:26,0
DA:27,0
DA:28,0
DA:32,0
DA:35,0
DA:36,0
DA:44,0
DA:58,0
LF:18
LH:0
BRDA:18,0,0,0
BRDA:19,1,0,0
BRDA:27,2,0,0
BRDA:27,2,1,0
BRDA:35,3,0,0
BRDA:35,3,1,0
BRF:6
BRH:0
end_of_record
TN:
SF:src/shared/errors/index.ts
FN:5,(anonymous_0)
FN:7,(anonymous_1)
FN:8,(anonymous_2)
FN:9,(anonymous_3)
FN:10,(anonymous_4)
FN:11,(anonymous_5)
FN:12,(anonymous_6)
FN:13,(anonymous_7)
FN:14,(anonymous_8)
FNF:9
FNH:0
FNDA:0,(anonymous_0)
FNDA:0,(anonymous_1)
FNDA:0,(anonymous_2)
FNDA:0,(anonymous_3)
FNDA:0,(anonymous_4)
FNDA:0,(anonymous_5)
FNDA:0,(anonymous_6)
FNDA:0,(anonymous_7)
FNDA:0,(anonymous_8)
DA:5,0
DA:6,0
DA:7,0
DA:8,0
DA:9,0
DA:10,0
DA:11,0
DA:12,0
DA:13,0
DA:14,0
LF:10
LH:0
BRF:0
BRH:0
end_of_record
TN:
SF:src/shared/ipc/channels.ts
FNF:0
FNH:0
DA:13,0
LF:1
LH:0
BRF:0
BRH:0
end_of_record
TN:
SF:src/shared/ipc/index.ts
FN:5,(anonymous_0)
FN:9,(anonymous_1)
FN:10,(anonymous_2)
FN:11,(anonymous_3)
FN:12,(anonymous_4)
FN:13,(anonymous_5)
FN:24,(anonymous_6)
FNF:7
FNH:0
FNDA:0,(anonymous_0)
FNDA:0,(anonymous_1)
FNDA:0,(anonymous_2)
FNDA:0,(anonymous_3)
FNDA:0,(anonymous_4)
FNDA:0,(anonymous_5)
FNDA:0,(anonymous_6)
DA:5,0
DA:8,0
DA:9,0
DA:10,0
DA:11,0
DA:12,0
DA:13,0
DA:24,0
LF:8
LH:0
BRF:0
BRH:0
end_of_record
TN:
SF:src/shared/ipc/types.ts
FN:94,(anonymous_0)
FN:107,(anonymous_1)
FNF:2
FNH:0
FNDA:0,(anonymous_0)
FNDA:0,(anonymous_1)
DA:86,0
DA:95,0
DA:96,0
DA:98,0
DA:108,0
LF:5
LH:0
BRDA:95,0,0,0
BRDA:95,0,1,0
BRDA:107,1,0,0
BRF:3
BRH:0
end_of_record
TN:
SF:src/shared/ipc/validators.ts
FN:29,isValidIpcChannel
FN:41,getIpcDomain
FN:53,getIpcAction
FN:64,getChannelsByDomain
FN:65,(anonymous_4)
FN:79,isIpcInDomain
FNF:6
FNH:0
FNDA:0,isValidIpcChannel
FNDA:0,getIpcDomain
FNDA:0,getIpcAction
FNDA:0,getChannelsByDomain
FNDA:0,(anonymous_4)
FNDA:0,isIpcInDomain
DA:8,0
DA:14,0
DA:29,0
DA:30,0
DA:41,0
DA:42,0
DA:43,0
DA:53,0
DA:54,0
DA:55,0
DA:64,0
DA:65,0
DA:66,0
DA:79,0
DA:80,0
LF:15
LH:0
BRDA:30,0,0,0
BRDA:30,0,1,0
BRDA:43,1,0,0
BRDA:43,1,1,0
BRDA:55,2,0,0
BRDA:55,2,1,0
BRF:6
BRH:0
end_of_record
TN:
SF:src/shared/logger/fields.ts
FN:129,(anonymous_0)
FN:137,(anonymous_1)
FN:142,(anonymous_2)
FN:147,(anonymous_3)
FN:152,(anonymous_4)
FN:157,(anonymous_5)
FN:162,(anonymous_6)
FN:167,(anonymous_7)
FN:172,(anonymous_8)
FN:177,(anonymous_9)
FN:182,(anonymous_10)
FN:187,(anonymous_11)
FN:192,(anonymous_12)
FN:207,(anonymous_13)
FN:212,(anonymous_14)
FN:222,serializeLogFields
FN:242,formatLogFields
FNF:17
FNH:0
FNDA:0,(anonymous_0)
FNDA:0,(anonymous_1)
FNDA:0,(anonymous_2)
FNDA:0,(anonymous_3)
FNDA:0,(anonymous_4)
FNDA:0,(anonymous_5)
FNDA:0,(anonymous_6)
FNDA:0,(anonymous_7)
FNDA:0,(anonymous_8)
FNDA:0,(anonymous_9)
FNDA:0,(anonymous_10)
FNDA:0,(anonymous_11)
FNDA:0,(anonymous_12)
FNDA:0,(anonymous_13)
FNDA:0,(anonymous_14)
FNDA:0,serializeLogFields
FNDA:0,formatLogFields
DA:126,0
DA:127,0
DA:130,0
DA:138,0
DA:139,0
DA:143,0
DA:144,0
DA:148,0
DA:149,0
DA:153,0
DA:154,0
DA:158,0
DA:159,0
DA:163,0
DA:164,0
DA:168,0
DA:169,0
DA:173,0
DA:174,0
DA:178,0
DA:179,0
DA:183,0
DA:184,0
DA:188,0
DA:189,0
DA:193,0
DA:194,0
DA:195,0
DA:202,0
DA:204,0
DA:208,0
DA:209,0
DA:213,0
DA:222,0
DA:223,0
DA:224,0
DA:227,0
DA:242,0
DA:243,0
DA:246,0
DA:249,0
DA:252,0
DA:253,0
DA:257,0
DA:260,0
DA:261,0
DA:265,0
DA:266,0
DA:267,0
DA:268,0
DA:272,0
LF:51
LH:0
BRDA:193,0,0,0
BRDA:193,0,1,0
BRDA:194,1,0,0
BRDA:194,1,1,0
BRDA:198,2,0,0
BRDA:198,2,1,0
BRDA:252,3,0,0
BRDA:252,3,1,0
BRDA:260,4,0,0
BRDA:260,4,1,0
BRDA:265,5,0,0
BRDA:265,5,1,0
BRDA:267,6,0,0
BRDA:267,6,1,0
BRF:14
BRH:0
end_of_record
TN:
SF:src/shared/logger/index.ts
FN:13,(anonymous_4)
FN:14,(anonymous_5)
FN:15,(anonymous_6)
FN:16,(anonymous_7)
FN:17,(anonymous_8)
FN:18,(anonymous_9)
FN:19,(anonymous_10)
FN:23,(anonymous_11)
FN:23,(anonymous_12)
FN:23,(anonymous_13)
FNF:10
FNH:0
FNDA:0,(anonymous_4)
FNDA:0,(anonymous_5)
FNDA:0,(anonymous_6)
FNDA:0,(anonymous_7)
FNDA:0,(anonymous_8)
FNDA:0,(anonymous_9)
FNDA:0,(anonymous_10)
FNDA:0,(anonymous_11)
FNDA:0,(anonymous_12)
FNDA:0,(anonymous_13)
DA:11,0
DA:12,0
DA:13,0
DA:14,0
DA:15,0
DA:16,0
DA:17,0
DA:18,0
DA:19,0
DA:23,0
LF:10
LH:0
BRF:0
BRH:0
end_of_record
TN:
SF:src/shared/logger/levels.ts
FN:11,(anonymous_0)
FN:70,shouldLog
FN:81,parseLogLevel
FNF:3
FNH:0
FNDA:0,(anonymous_0)
FNDA:0,shouldLog
FNDA:0,parseLogLevel
DA:11,0
DA:13,0
DA:16,0
DA:19,0
DA:22,0
DA:25,0
DA:28,0
DA:32,0
DA:42,0
DA:52,0
DA:61,0
DA:70,0
DA:71,0
DA:81,0
DA:82,0
DA:83,0
DA:84,0
DA:88,0
LF:18
LH:0
BRDA:11,0,0,0
BRDA:11,0,1,0
BRDA:82,1,0,0
BRDA:82,1,1,0
BRDA:84,2,0,0
BRDA:84,2,1,0
BRF:6
BRH:0
end_of_record
TN:
SF:src/shared/logger/symbols.ts
FNF:0
FNH:0
DA:8,0
DA:14,0
DA:20,0
LF:3
LH:0
BRF:0
BRH:0
end_of_record
TN:
SF:src/shared/logger/types.ts
FN:11,(anonymous_0)
FNF:1
FNH:0
FNDA:0,(anonymous_0)
DA:11,0
LF:1
LH:0
BRF:0
BRH:0
end_of_record
TN:
SF:src/shared/platform/environment.ts
FN:32,getSystemInfo
FN:72,getPerformanceConfig
FN:136,getUIConfig
FN:154,getDisplayScaleFactor
FN:199,getFeatureSupport
FN:224,getEnvironmentSettings
FNF:6
FNH:0
FNDA:0,getSystemInfo
FNDA:0,getPerformanceConfig
FNDA:0,getUIConfig
FNDA:0,getDisplayScaleFactor
FNDA:0,getFeatureSupport
FNDA:0,getEnvironmentSettings
DA:7,0
DA:8,0
DA:32,0
DA:33,0
DA:72,0
DA:73,0
DA:74,0
DA:75,0
DA:78,0
DA:79,0
DA:90,0
DA:91,0
DA:102,0
DA:136,0
DA:137,0
DA:139,0
DA:154,0
DA:155,0
DA:156,0
DA:160,0
DA:161,0
DA:163,0
DA:167,0
DA:199,0
DA:200,0
DA:202,0
DA:224,0
DA:225,0
DA:226,0
DA:227,0
DA:229,0
LF:31
LH:0
BRDA:78,0,0,0
BRDA:78,0,1,0
BRDA:78,1,0,0
BRDA:78,1,1,0
BRDA:90,2,0,0
BRDA:90,2,1,0
BRDA:90,3,0,0
BRDA:90,3,1,0
BRDA:155,4,0,0
BRDA:155,4,1,0
BRDA:155,5,0,0
BRDA:155,5,1,0
BRDA:161,6,0,0
BRDA:161,6,1,0
BRDA:225,7,0,0
BRDA:225,7,1,0
BRDA:226,8,0,0
BRDA:226,8,1,0
BRDA:227,9,0,0
BRDA:227,9,1,0
BRF:20
BRH:0
end_of_record
TN:
SF:src/shared/platform/index.ts
FN:11,(anonymous_0)
FN:12,(anonymous_1)
FN:13,(anonymous_2)
FN:14,(anonymous_3)
FN:15,(anonymous_4)
FN:16,(anonymous_5)
FN:17,(anonymous_6)
FN:18,(anonymous_7)
FN:19,(anonymous_8)
FN:20,(anonymous_9)
FN:21,(anonymous_10)
FN:22,(anonymous_11)
FN:23,(anonymous_12)
FN:24,(anonymous_13)
FN:25,(anonymous_14)
FN:26,(anonymous_15)
FN:31,(anonymous_16)
FN:32,(anonymous_17)
FN:33,(anonymous_18)
FN:34,(anonymous_19)
FN:35,(anonymous_20)
FN:36,(anonymous_21)
FNF:22
FNH:0
FNDA:0,(anonymous_0)
FNDA:0,(anonymous_1)
FNDA:0,(anonymous_2)
FNDA:0,(anonymous_3)
FNDA:0,(anonymous_4)
FNDA:0,(anonymous_5)
FNDA:0,(anonymous_6)
FNDA:0,(anonymous_7)
FNDA:0,(anonymous_8)
FNDA:0,(anonymous_9)
FNDA:0,(anonymous_10)
FNDA:0,(anonymous_11)
FNDA:0,(anonymous_12)
FNDA:0,(anonymous_13)
FNDA:0,(anonymous_14)
FNDA:0,(anonymous_15)
FNDA:0,(anonymous_16)
FNDA:0,(anonymous_17)
FNDA:0,(anonymous_18)
FNDA:0,(anonymous_19)
FNDA:0,(anonymous_20)
FNDA:0,(anonymous_21)
DA:10,0
DA:11,0
DA:12,0
DA:13,0
DA:14,0
DA:15,0
DA:16,0
DA:17,0
DA:18,0
DA:19,0
DA:20,0
DA:21,0
DA:22,0
DA:23,0
DA:24,0
DA:25,0
DA:26,0
DA:30,0
DA:31,0
DA:32,0
DA:33,0
DA:34,0
DA:35,0
DA:36,0
LF:24
LH:0
BRF:0
BRH:0
end_of_record
TN:
SF:src/shared/platform/paths.ts
FN:25,getPlatform
FN:35,getHomeDir
FN:45,getTempDir
FN:59,getZenDataDir
FN:87,getZenLogsDir
FN:112,getZenCacheDir
FN:140,normalizePath
FN:156,isAbsolutePath
FN:166,getRelativePath
FN:177,parsePath
FN:187,joinPaths
FN:200,normalizeLineEndings
FN:211,getEnvVariable
FN:230,isValidFilename
FN:259,getPathSeparator
FN:284,getPlatformInfo
FNF:16
FNH:0
FNDA:0,getPlatform
FNDA:0,getHomeDir
FNDA:0,getTempDir
FNDA:0,getZenDataDir
FNDA:0,getZenLogsDir
FNDA:0,getZenCacheDir
FNDA:0,normalizePath
FNDA:0,isAbsolutePath
FNDA:0,getRelativePath
FNDA:0,parsePath
FNDA:0,joinPaths
FNDA:0,normalizeLineEndings
FNDA:0,getEnvVariable
FNDA:0,isValidFilename
FNDA:0,getPathSeparator
FNDA:0,getPlatformInfo
DA:12,0
DA:13,0
DA:25,0
DA:26,0
DA:35,0
DA:36,0
DA:45,0
DA:46,0
DA:59,0
DA:60,0
DA:61,0
DA:63,0
DA:66,0
DA:70,0
DA:75,0
DA:87,0
DA:88,0
DA:90,0
DA:92,0
DA:96,0
DA:100,0
DA:112,0
DA:113,0
DA:114,0
DA:116,0
DA:118,0
DA:121,0
DA:125,0
DA:140,0
DA:142,0
DA:145,0
DA:156,0
DA:157,0
DA:166,0
DA:167,0
DA:177,0
DA:178,0
DA:187,0
DA:188,0
DA:200,0
DA:202,0
DA:211,0
DA:213,0
DA:214,0
DA:217,0
DA:230,0
DA:232,0
DA:234,0
DA:235,0
DA:240,0
DA:241,0
DA:242,0
DA:246,0
DA:247,0
DA:250,0
DA:259,0
DA:260,0
DA:284,0
DA:285,0
DA:287,0
LF:60
LH:0
BRDA:63,0,0,0
BRDA:63,0,1,0
BRDA:63,0,2,0
BRDA:63,0,3,0
BRDA:90,1,0,0
BRDA:90,1,1,0
BRDA:90,1,2,0
BRDA:90,1,3,0
BRDA:116,2,0,0
BRDA:116,2,1,0
BRDA:116,2,2,0
BRDA:116,2,3,0
BRDA:213,3,0,0
BRDA:213,3,1,0
BRDA:213,4,0,0
BRDA:213,4,1,0
BRDA:214,5,0,0
BRDA:214,5,1,0
BRDA:234,6,0,0
BRDA:234,6,1,0
BRDA:234,7,0,0
BRDA:234,7,1,0
BRDA:241,8,0,0
BRDA:241,8,1,0
BRDA:246,9,0,0
BRDA:246,9,1,0
BRDA:295,10,0,0
BRDA:295,10,1,0
BRF:28
BRH:0
end_of_record
TN:
SF:src/shared/security/authorization.ts
FN:13,(anonymous_0)
FN:44,(anonymous_1)
FN:121,hasPermission
FN:156,hasPermissions
FN:157,(anonymous_4)
FN:170,hasAnyPermission
FN:171,(anonymous_6)
FN:182,isTokenExpired
FN:189,updateLastActivity
FNF:9
FNH:0
FNDA:0,(anonymous_0)
FNDA:0,(anonymous_1)
FNDA:0,hasPermission
FNDA:0,hasPermissions
FNDA:0,(anonymous_4)
FNDA:0,hasAnyPermission
FNDA:0,(anonymous_6)
FNDA:0,isTokenExpired
FNDA:0,updateLastActivity
DA:13,0
DA:15,0
DA:16,0
DA:17,0
DA:18,0
DA:21,0
DA:22,0
DA:23,0
DA:26,0
DA:27,0
DA:28,0
DA:31,0
DA:32,0
DA:33,0
DA:36,0
DA:44,0
DA:45,0
DA:46,0
DA:47,0
DA:53,0
DA:121,0
DA:123,0
DA:124,0
DA:128,0
DA:129,0
DA:133,0
DA:134,0
DA:135,0
DA:139,0
DA:140,0
DA:143,0
DA:156,0
DA:157,0
DA:170,0
DA:171,0
DA:182,0
DA:183,0
DA:189,0
DA:190,0
DA:199,0
DA:205,0
DA:207,0
LF:42
LH:0
BRDA:13,0,0,0
BRDA:13,0,1,0
BRDA:44,1,0,0
BRDA:44,1,1,0
BRDA:123,2,0,0
BRDA:123,2,1,0
BRDA:128,3,0,0
BRDA:128,3,1,0
BRDA:134,4,0,0
BRDA:134,4,1,0
BRDA:139,5,0,0
BRDA:139,5,1,0
BRDA:203,6,0,0
BRF:13
BRH:0
end_of_record
TN:
SF:src/shared/security/cors.ts
FN:49,isOriginAllowed
FN:65,getCorsHeaders
FN:90,handleCorsPreFlight
FNF:3
FNH:0
FNDA:0,isOriginAllowed
FNDA:0,getCorsHeaders
FNDA:0,handleCorsPreFlight
DA:16,0
DA:49,0
DA:50,0
DA:51,0
DA:52,0
DA:54,0
DA:65,0
DA:66,0
DA:67,0
DA:70,0
DA:90,0
DA:91,0
DA:92,0
DA:95,0
LF:14
LH:0
BRDA:66,0,0,0
BRDA:66,0,1,0
BRDA:91,1,0,0
BRDA:91,1,1,0
BRF:4
BRH:0
end_of_record
TN:
SF:src/shared/security/csp.ts
FN:43,generateCspHeader
FN:45,(anonymous_1)
FN:61,generateCspMetaTag
FNF:3
FNH:0
FNDA:0,generateCspHeader
FNDA:0,(anonymous_1)
FNDA:0,generateCspMetaTag
DA:21,0
DA:43,0
DA:44,0
DA:46,0
DA:48,0
DA:50,0
DA:61,0
DA:62,0
LF:8
LH:0
BRDA:46,0,0,0
BRDA:46,0,1,0
BRF:2
BRH:0
end_of_record
TN:
SF:src/shared/security/index.ts
FN:11,(anonymous_0)
FN:11,(anonymous_1)
FN:11,(anonymous_2)
FN:14,(anonymous_3)
FN:14,(anonymous_4)
FN:14,(anonymous_5)
FN:14,(anonymous_6)
FN:16,(anonymous_7)
FN:16,(anonymous_8)
FN:16,(anonymous_9)
FN:19,(anonymous_10)
FN:20,(anonymous_11)
FN:21,(anonymous_12)
FN:22,(anonymous_13)
FN:23,(anonymous_14)
FN:24,(anonymous_15)
FN:25,(anonymous_16)
FN:26,(anonymous_17)
FN:27,(anonymous_18)
FNF:19
FNH:0
FNDA:0,(anonymous_0)
FNDA:0,(anonymous_1)
FNDA:0,(anonymous_2)
FNDA:0,(anonymous_3)
FNDA:0,(anonymous_4)
FNDA:0,(anonymous_5)
FNDA:0,(anonymous_6)
FNDA:0,(anonymous_7)
FNDA:0,(anonymous_8)
FNDA:0,(anonymous_9)
FNDA:0,(anonymous_10)
FNDA:0,(anonymous_11)
FNDA:0,(anonymous_12)
FNDA:0,(anonymous_13)
FNDA:0,(anonymous_14)
FNDA:0,(anonymous_15)
FNDA:0,(anonymous_16)
FNDA:0,(anonymous_17)
FNDA:0,(anonymous_18)
DA:11,0
DA:14,0
DA:16,0
DA:18,0
DA:19,0
DA:20,0
DA:21,0
DA:22,0
DA:23,0
DA:24,0
DA:25,0
DA:26,0
DA:27,0
LF:13
LH:0
BRF:0
BRH:0
end_of_record
TN:
SF:src/shared/security/rateLimiting.ts
FN:66,(anonymous_0)
FN:85,(anonymous_1)
FN:93,(anonymous_2)
FN:112,(anonymous_3)
FN:117,(anonymous_4)
FN:132,(anonymous_5)
FN:148,(anonymous_6)
FN:155,(anonymous_7)
FN:169,createRateLimiter
FNF:9
FNH:0
FNDA:0,(anonymous_0)
FNDA:0,(anonymous_1)
FNDA:0,(anonymous_2)
FNDA:0,(anonymous_3)
FNDA:0,(anonymous_4)
FNDA:0,(anonymous_5)
FNDA:0,(anonymous_6)
FNDA:0,(anonymous_7)
FNDA:0,createRateLimiter
DA:12,0
DA:61,0
DA:62,0
DA:63,0
DA:64,0
DA:67,0
DA:68,0
DA:86,0
DA:87,0
DA:90,0
DA:93,0
DA:96,0
DA:98,0
DA:99,0
DA:100,0
DA:103,0
DA:113,0
DA:114,0
DA:116,0
DA:117,0
DA:120,0
DA:133,0
DA:134,0
DA:135,0
DA:138,0
DA:139,0
DA:140,0
DA:142,0
DA:149,0
DA:156,0
DA:169,0
DA:170,0
DA:171,0
LF:33
LH:0
BRDA:90,0,0,0
BRDA:90,0,1,0
BRDA:98,1,0,0
BRDA:98,1,1,0
BRDA:116,2,0,0
BRDA:116,2,1,0
BRDA:133,3,0,0
BRDA:133,3,1,0
BRDA:134,4,0,0
BRDA:134,4,1,0
BRF:10
BRH:0
end_of_record
TN:
SF:src/shared/system/capabilities.ts
FN:63,getGPUCapabilities
FN:128,classifyGPUTier
FN:168,checkWebGPUSupport
FN:210,getCPUCapabilities
FN:267,getMemoryCapabilities
FN:345,getNetworkCapabilities
FN:367,createNetworkCapabilities
FN:410,getDefaultNetworkCapabilities
FN:449,getBatteryCapabilities
FN:513,getAllCapabilities
FNF:10
FNH:0
FNDA:0,getGPUCapabilities
FNDA:0,classifyGPUTier
FNDA:0,checkWebGPUSupport
FNDA:0,getCPUCapabilities
FNDA:0,getMemoryCapabilities
FNDA:0,getNetworkCapabilities
FNDA:0,createNetworkCapabilities
FNDA:0,getDefaultNetworkCapabilities
FNDA:0,getBatteryCapabilities
FNDA:0,getAllCapabilities
DA:13,0
DA:14,0
DA:63,0
DA:65,0
DA:66,0
DA:68,0
DA:69,0
DA:71,0
DA:86,0
DA:87,0
DA:88,0
DA:90,0
DA:91,0
DA:92,0
DA:93,0
DA:95,0
DA:107,0
DA:128,0
DA:129,0
DA:132,0
DA:138,0
DA:142,0
DA:147,0
DA:151,0
DA:156,0
DA:160,0
DA:169,0
DA:170,0
DA:210,0
DA:211,0
DA:212,0
DA:214,0
DA:216,0
DA:267,0
DA:268,0
DA:271,0
DA:274,0
DA:275,0
DA:276,0
DA:277,0
DA:279,0
DA:283,0
DA:285,0
DA:345,0
DA:347,0
DA:349,0
DA:353,0
DA:354,0
DA:355,0
DA:356,0
DA:357,0
DA:359,0
DA:367,0
DA:375,0
DA:382,0
DA:385,0
DA:386,0
DA:387,0
DA:391,0
DA:393,0
DA:411,0
DA:449,0
DA:451,0
DA:452,0
DA:454,0
DA:455,0
DA:456,0
DA:460,0
DA:461,0
DA:462,0
DA:463,0
DA:465,0
DA:468,0
DA:480,0
DA:513,0
DA:514,0
DA:516,0
LF:77
LH:0
BRDA:65,0,0,0
BRDA:65,0,1,0
BRDA:65,1,0,0
BRDA:65,1,1,0
BRDA:72,2,0,0
BRDA:72,2,1,0
BRDA:73,3,0,0
BRDA:73,3,1,0
BRDA:77,4,0,0
BRDA:77,4,1,0
BRDA:86,5,0,0
BRDA:86,5,1,0
BRDA:88,6,0,0
BRDA:88,6,1,0
BRDA:90,7,0,0
BRDA:90,7,1,0
BRDA:92,8,0,0
BRDA:92,8,1,0
BRDA:93,9,0,0
BRDA:93,9,1,0
BRDA:98,10,0,0
BRDA:98,10,1,0
BRDA:132,11,0,0
BRDA:132,11,1,0
BRDA:133,12,0,0
BRDA:133,12,1,0
BRDA:133,12,2,0
BRDA:133,12,3,0
BRDA:142,13,0,0
BRDA:142,13,1,0
BRDA:143,14,0,0
BRDA:143,14,1,0
BRDA:143,14,2,0
BRDA:151,15,0,0
BRDA:151,15,1,0
BRDA:152,16,0,0
BRDA:152,16,1,0
BRDA:152,16,2,0
BRDA:169,17,0,0
BRDA:169,17,1,0
BRDA:221,18,0,0
BRDA:221,18,1,0
BRDA:274,19,0,0
BRDA:274,19,1,0
BRDA:274,20,0,0
BRDA:274,20,1,0
BRDA:276,21,0,0
BRDA:276,21,1,0
BRDA:276,22,0,0
BRDA:276,22,1,0
BRDA:347,23,0,0
BRDA:347,23,1,0
BRDA:347,24,0,0
BRDA:347,24,1,0
BRDA:354,25,0,0
BRDA:354,25,1,0
BRDA:355,26,0,0
BRDA:355,26,1,0
BRDA:356,27,0,0
BRDA:356,27,1,0
BRDA:357,28,0,0
BRDA:357,28,1,0
BRDA:375,29,0,0
BRDA:375,29,1,0
BRDA:375,30,0,0
BRDA:375,30,1,0
BRDA:377,31,0,0
BRDA:377,31,1,0
BRDA:382,32,0,0
BRDA:382,32,1,0
BRDA:386,33,0,0
BRDA:386,33,1,0
BRDA:387,34,0,0
BRDA:387,34,1,0
BRDA:391,35,0,0
BRDA:391,35,1,0
BRDA:391,36,0,0
BRDA:391,36,1,0
BRDA:451,37,0,0
BRDA:451,37,1,0
BRDA:451,38,0,0
BRDA:451,38,1,0
BRDA:455,39,0,0
BRDA:455,39,1,0
BRDA:456,40,0,0
BRDA:456,40,1,0
BRDA:460,41,0,0
BRDA:460,41,1,0
BRDA:462,42,0,0
BRDA:462,42,1,0
BRDA:462,43,0,0
BRDA:462,43,1,0
BRDA:471,44,0,0
BRDA:471,44,1,0
BRF:94
BRH:0
end_of_record
TN:
SF:src/shared/system/constants.ts
FN:48,calculateMaxTabs
FN:108,calculateMaxHistory
FN:154,calculateIPCTimeout
FN:189,calculateMaxWorkerThreads
FN:244,calculateGCThreshold
FN:270,calculateCriticalMemoryThreshold
FN:318,calculateHTTPCacheSize
FN:337,calculateIndexedDBSize
FN:377,classifyNetworkProfile
FN:393,getImageQuality
FN:417,shouldAutoplayVideo
FN:452,getPerfMetricsInterval
FNF:12
FNH:12
FNDA:16,calculateMaxTabs
FNDA:5,calculateMaxHistory
FNDA:10,calculateIPCTimeout
FNDA:8,calculateMaxWorkerThreads
FNDA:14,calculateGCThreshold
FNDA:6,calculateCriticalMemoryThreshold
FNDA:3,calculateHTTPCacheSize
FNDA:3,calculateIndexedDBSize
FNDA:19,classifyNetworkProfile
FNDA:5,getImageQuality
FNDA:4,shouldAutoplayVideo
FNDA:3,getPerfMetricsInterval
DA:15,1
DA:29,1
DA:48,1
DA:49,16
DA:50,16
DA:53,16
DA:57,16
DA:61,16
DA:62,16
DA:65,16
DA:67,2
DA:68,14
DA:70,3
DA:73,16
DA:76,16
DA:82,1
DA:83,1
DA:84,1
DA:108,1
DA:111,5
DA:114,5
DA:116,5
DA:117,5
DA:118,0
DA:119,0
DA:120,0
DA:121,0
DA:123,0
DA:127,5
DA:133,1
DA:134,1
DA:135,1
DA:154,1
DA:155,10
DA:157,2
DA:161,8
DA:164,8
DA:170,1
DA:171,1
DA:172,1
DA:189,1
DA:190,8
DA:191,8
DA:194,8
DA:197,8
DA:200,8
DA:203,8
DA:209,1
DA:210,1
DA:211,1
DA:244,1
DA:245,14
DA:248,14
DA:251,14
DA:256,14
DA:270,1
DA:271,6
DA:272,6
DA:275,6
DA:288,1
DA:293,1
DA:294,1
DA:295,1
DA:298,1
DA:318,1
DA:319,3
DA:322,3
DA:325,3
DA:337,1
DA:338,3
DA:341,3
DA:344,3
DA:350,1
DA:351,1
DA:352,1
DA:354,1
DA:355,1
DA:356,1
DA:377,1
DA:378,19
DA:379,14
DA:380,9
DA:381,4
DA:393,1
DA:394,5
DA:395,5
DA:397,2
DA:399,1
DA:401,1
DA:403,1
DA:405,0
DA:417,1
DA:418,4
DA:419,4
DA:425,1
DA:426,1
DA:431,1
DA:432,1
DA:433,1
DA:434,1
DA:439,1
DA:452,1
DA:453,3
DA:456,3
DA:459,2
DA:462,1
DA:463,1
DA:472,1
DA:473,1
DA:475,1
DA:476,1
DA:488,1
DA:489,1
DA:490,1
DA:491,1
DA:500,1
DA:501,1
DA:524,1
LF:118
LH:112
BRDA:49,0,0,16
BRDA:49,0,1,4
BRDA:50,1,0,16
BRDA:50,1,1,6
BRDA:65,2,0,2
BRDA:65,2,1,14
BRDA:68,3,0,3
BRDA:68,3,1,11
BRDA:116,4,0,5
BRDA:116,4,1,0
BRDA:118,5,0,0
BRDA:118,5,1,0
BRDA:120,6,0,0
BRDA:120,6,1,0
BRDA:155,7,0,2
BRDA:155,7,1,8
BRDA:190,8,0,8
BRDA:190,8,1,2
BRDA:191,9,0,8
BRDA:191,9,1,2
BRDA:245,10,0,14
BRDA:245,10,1,3
BRDA:319,11,0,3
BRDA:319,11,1,1
BRDA:338,12,0,3
BRDA:338,12,1,1
BRDA:378,13,0,5
BRDA:378,13,1,14
BRDA:379,14,0,5
BRDA:379,14,1,9
BRDA:380,15,0,5
BRDA:380,15,1,4
BRDA:395,16,0,2
BRDA:395,16,1,1
BRDA:395,16,2,1
BRDA:395,16,3,1
BRDA:395,16,4,0
BRDA:419,17,0,4
BRDA:419,17,1,3
BRDA:453,18,0,3
BRDA:453,18,1,1
BRDA:456,19,0,1
BRDA:456,19,1,2
BRF:43
BRH:37
end_of_record
TN:
SF:src/shared/system/index.ts
FN:21,(anonymous_4)
FN:22,(anonymous_5)
FN:26,(anonymous_6)
FN:31,(anonymous_7)
FN:36,(anonymous_8)
FN:37,(anonymous_9)
FN:41,(anonymous_10)
FN:45,(anonymous_11)
FN:55,(anonymous_12)
FN:59,(anonymous_13)
FN:63,(anonymous_14)
FN:66,(anonymous_15)
FN:76,(anonymous_16)
FN:80,(anonymous_17)
FN:84,(anonymous_18)
FN:87,(anonymous_19)
FN:90,(anonymous_20)
FNF:17
FNH:0
FNDA:0,(anonymous_4)
FNDA:0,(anonymous_5)
FNDA:0,(anonymous_6)
FNDA:0,(anonymous_7)
FNDA:0,(anonymous_8)
FNDA:0,(anonymous_9)
FNDA:0,(anonymous_10)
FNDA:0,(anonymous_11)
FNDA:0,(anonymous_12)
FNDA:0,(anonymous_13)
FNDA:0,(anonymous_14)
FNDA:0,(anonymous_15)
FNDA:0,(anonymous_16)
FNDA:0,(anonymous_17)
FNDA:0,(anonymous_18)
FNDA:0,(anonymous_19)
FNDA:0,(anonymous_20)
DA:11,0
DA:17,0
DA:21,0
DA:22,0
DA:26,0
DA:31,0
DA:36,0
DA:37,0
DA:41,0
DA:45,0
DA:52,0
DA:55,0
DA:59,0
DA:63,0
DA:66,0
DA:73,0
DA:76,0
DA:80,0
DA:84,0
DA:87,0
DA:90,0
LF:21
LH:0
BRF:0
BRH:0
end_of_record
TN:
SF:src/shared/system/monitoring.ts
FN:103,(anonymous_0)
FN:113,(anonymous_1)
FN:118,(anonymous_2)
FN:124,(anonymous_3)
FN:134,(anonymous_4)
FN:148,(anonymous_5)
FN:155,(anonymous_6)
FN:157,(anonymous_7)
FN:179,(anonymous_8)
FN:186,(anonymous_9)
FN:193,(anonymous_10)
FN:195,(anonymous_11)
FN:210,(anonymous_12)
FN:219,(anonymous_13)
FN:252,(anonymous_14)
FN:263,(anonymous_15)
FN:268,(anonymous_16)
FN:274,(anonymous_17)
FN:284,(anonymous_18)
FN:296,(anonymous_19)
FN:316,(anonymous_20)
FN:323,(anonymous_21)
FN:330,(anonymous_22)
FN:332,(anonymous_23)
FN:347,(anonymous_24)
FN:356,(anonymous_25)
FN:394,(anonymous_26)
FN:403,(anonymous_27)
FN:421,(anonymous_28)
FN:445,(anonymous_29)
FN:455,(anonymous_30)
FN:464,(anonymous_31)
FN:473,(anonymous_32)
FN:476,(anonymous_33)
FN:513,(anonymous_34)
FN:522,(anonymous_35)
FN:531,(anonymous_36)
FN:539,(anonymous_37)
FNF:38
FNH:0
FNDA:0,(anonymous_0)
FNDA:0,(anonymous_1)
FNDA:0,(anonymous_2)
FNDA:0,(anonymous_3)
FNDA:0,(anonymous_4)
FNDA:0,(anonymous_5)
FNDA:0,(anonymous_6)
FNDA:0,(anonymous_7)
FNDA:0,(anonymous_8)
FNDA:0,(anonymous_9)
FNDA:0,(anonymous_10)
FNDA:0,(anonymous_11)
FNDA:0,(anonymous_12)
FNDA:0,(anonymous_13)
FNDA:0,(anonymous_14)
FNDA:0,(anonymous_15)
FNDA:0,(anonymous_16)
FNDA:0,(anonymous_17)
FNDA:0,(anonymous_18)
FNDA:0,(anonymous_19)
FNDA:0,(anonymous_20)
FNDA:0,(anonymous_21)
FNDA:0,(anonymous_22)
FNDA:0,(anonymous_23)
FNDA:0,(anonymous_24)
FNDA:0,(anonymous_25)
FNDA:0,(anonymous_26)
FNDA:0,(anonymous_27)
FNDA:0,(anonymous_28)
FNDA:0,(anonymous_29)
FNDA:0,(anonymous_30)
FNDA:0,(anonymous_31)
FNDA:0,(anonymous_32)
FNDA:0,(anonymous_33)
FNDA:0,(anonymous_34)
FNDA:0,(anonymous_35)
FNDA:0,(anonymous_36)
FNDA:0,(anonymous_37)
DA:13,0
DA:103,0
DA:104,0
DA:105,0
DA:106,0
DA:114,0
DA:115,0
DA:118,0
DA:119,0
DA:120,0
DA:123,0
DA:124,0
DA:127,0
DA:135,0
DA:136,0
DA:137,0
DA:150,0
DA:154,0
DA:155,0
DA:156,0
DA:157,0
DA:158,0
DA:159,0
DA:163,0
DA:168,0
DA:180,0
DA:187,0
DA:194,0
DA:195,0
DA:196,0
DA:211,0
DA:220,0
DA:221,0
DA:222,0
DA:246,0
DA:247,0
DA:248,0
DA:249,0
DA:250,0
DA:254,0
DA:257,0
DA:264,0
DA:265,0
DA:268,0
DA:269,0
DA:270,0
DA:273,0
DA:274,0
DA:277,0
DA:285,0
DA:286,0
DA:287,0
DA:297,0
DA:301,0
DA:303,0
DA:317,0
DA:324,0
DA:331,0
DA:332,0
DA:333,0
DA:348,0
DA:359,0
DA:360,0
DA:361,0
DA:362,0
DA:364,0
DA:367,0
DA:368,0
DA:369,0
DA:390,0
DA:391,0
DA:392,0
DA:395,0
DA:404,0
DA:405,0
DA:409,0
DA:412,0
DA:421,0
DA:422,0
DA:430,0
DA:446,0
DA:447,0
DA:449,0
DA:456,0
DA:457,0
DA:465,0
DA:474,0
DA:475,0
DA:476,0
DA:508,0
DA:509,0
DA:510,0
DA:511,0
DA:514,0
DA:515,0
DA:516,0
DA:523,0
DA:524,0
DA:532,0
DA:533,0
DA:540,0
LF:101
LH:0
BRDA:113,0,0,0
BRDA:114,1,0,0
BRDA:114,1,1,0
BRDA:135,2,0,0
BRDA:135,2,1,0
BRDA:158,3,0,0
BRDA:158,3,1,0
BRDA:187,4,0,0
BRDA:187,4,1,0
BRDA:194,5,0,0
BRDA:194,5,1,0
BRDA:221,6,0,0
BRDA:221,6,1,0
BRDA:257,7,0,0
BRDA:257,7,1,0
BRDA:263,8,0,0
BRDA:264,9,0,0
BRDA:264,9,1,0
BRDA:285,10,0,0
BRDA:285,10,1,0
BRDA:324,11,0,0
BRDA:324,11,1,0
BRDA:331,12,0,0
BRDA:331,12,1,0
BRDA:359,13,0,0
BRDA:359,13,1,0
BRDA:361,14,0,0
BRDA:361,14,1,0
BRDA:368,15,0,0
BRDA:368,15,1,0
BRDA:404,16,0,0
BRDA:404,16,1,0
BRDA:404,17,0,0
BRDA:404,17,1,0
BRDA:414,18,0,0
BRDA:414,18,1,0
BRDA:415,19,0,0
BRDA:415,19,1,0
BRDA:416,20,0,0
BRDA:416,20,1,0
BRDA:417,21,0,0
BRDA:417,21,1,0
BRDA:424,22,0,0
BRDA:424,22,1,0
BRDA:425,23,0,0
BRDA:425,23,1,0
BRDA:426,24,0,0
BRDA:426,24,1,0
BRDA:427,25,0,0
BRDA:427,25,1,0
BRDA:446,26,0,0
BRDA:446,26,1,0
BRDA:456,27,0,0
BRDA:456,27,1,0
BRDA:475,28,0,0
BRDA:475,28,1,0
BRDA:522,29,0,0
BRF:57
BRH:0
end_of_record
TN:
SF:src/shared/system/optimization.ts
FN:55,(anonymous_0)
FN:80,(anonymous_1)
FN:130,(anonymous_2)
FN:139,(anonymous_3)
FN:151,(anonymous_4)
FN:160,(anonymous_5)
FN:176,(anonymous_6)
FN:205,(anonymous_7)
FN:251,(anonymous_8)
FN:267,(anonymous_9)
FN:288,(anonymous_10)
FN:308,(anonymous_11)
FN:379,(anonymous_12)
FN:389,(anonymous_13)
FN:409,(anonymous_14)
FN:418,(anonymous_15)
FN:428,(anonymous_16)
FN:479,(anonymous_17)
FN:498,(anonymous_18)
FN:532,(anonymous_19)
FNF:20
FNH:0
FNDA:0,(anonymous_0)
FNDA:0,(anonymous_1)
FNDA:0,(anonymous_2)
FNDA:0,(anonymous_3)
FNDA:0,(anonymous_4)
FNDA:0,(anonymous_5)
FNDA:0,(anonymous_6)
FNDA:0,(anonymous_7)
FNDA:0,(anonymous_8)
FNDA:0,(anonymous_9)
FNDA:0,(anonymous_10)
FNDA:0,(anonymous_11)
FNDA:0,(anonymous_12)
FNDA:0,(anonymous_13)
FNDA:0,(anonymous_14)
FNDA:0,(anonymous_15)
FNDA:0,(anonymous_16)
FNDA:0,(anonymous_17)
FNDA:0,(anonymous_18)
FNDA:0,(anonymous_19)
DA:13,0
DA:40,0
DA:61,0
DA:62,0
DA:66,0
DA:67,0
DA:70,0
DA:71,0
DA:74,0
DA:81,0
DA:105,0
DA:130,0
DA:131,0
DA:132,0
DA:140,0
DA:142,0
DA:143,0
DA:144,0
DA:152,0
DA:161,0
DA:162,0
DA:163,0
DA:177,0
DA:197,0
DA:206,0
DA:219,0
DA:251,0
DA:252,0
DA:253,0
DA:268,0
DA:270,0
DA:271,0
DA:274,0
DA:275,0
DA:278,0
DA:279,0
DA:282,0
DA:289,0
DA:291,0
DA:292,0
DA:293,0
DA:294,0
DA:309,0
DA:360,0
DA:379,0
DA:380,0
DA:381,0
DA:392,0
DA:393,0
DA:394,0
DA:395,0
DA:397,0
DA:400,0
DA:401,0
DA:402,0
DA:410,0
DA:419,0
DA:420,0
DA:421,0
DA:429,0
DA:453,0
DA:474,0
DA:475,0
DA:476,0
DA:477,0
DA:480,0
DA:481,0
DA:482,0
DA:499,0
DA:502,0
DA:503,0
DA:504,0
DA:505,0
DA:509,0
DA:510,0
DA:513,0
DA:533,0
DA:534,0
DA:538,0
DA:539,0
DA:541,0
DA:542,0
DA:545,0
DA:546,0
DA:549,0
DA:550,0
DA:554,0
DA:555,0
DA:558,0
LF:89
LH:0
BRDA:61,0,0,0
BRDA:61,0,1,0
BRDA:61,1,0,0
BRDA:61,1,1,0
BRDA:66,2,0,0
BRDA:66,2,1,0
BRDA:66,3,0,0
BRDA:66,3,1,0
BRDA:70,4,0,0
BRDA:70,4,1,0
BRDA:70,5,0,0
BRDA:70,5,1,0
BRDA:140,6,0,0
BRDA:140,6,1,0
BRDA:140,7,0,0
BRDA:140,7,1,0
BRDA:142,8,0,0
BRDA:142,8,1,0
BRDA:162,9,0,0
BRDA:162,9,1,0
BRDA:270,10,0,0
BRDA:270,10,1,0
BRDA:274,11,0,0
BRDA:274,11,1,0
BRDA:274,12,0,0
BRDA:274,12,1,0
BRDA:278,13,0,0
BRDA:278,13,1,0
BRDA:278,14,0,0
BRDA:278,14,1,0
BRDA:291,15,0,0
BRDA:291,15,1,0
BRDA:392,16,0,0
BRDA:392,16,1,0
BRDA:394,17,0,0
BRDA:394,17,1,0
BRDA:394,18,0,0
BRDA:394,18,1,0
BRDA:400,19,0,0
BRDA:400,19,1,0
BRDA:420,20,0,0
BRDA:420,20,1,0
BRDA:481,21,0,0
BRDA:481,21,1,0
BRDA:482,22,0,0
BRDA:482,22,1,0
BRDA:502,23,0,0
BRDA:502,23,1,0
BRDA:504,24,0,0
BRDA:504,24,1,0
BRDA:504,25,0,0
BRDA:504,25,1,0
BRDA:509,26,0,0
BRDA:509,26,1,0
BRDA:533,27,0,0
BRDA:533,27,1,0
BRDA:541,28,0,0
BRDA:541,28,1,0
BRDA:541,29,0,0
BRDA:541,29,1,0
BRDA:549,30,0,0
BRDA:549,30,1,0
BRDA:549,31,0,0
BRDA:549,31,1,0
BRDA:554,32,0,0
BRDA:554,32,1,0
BRDA:554,33,0,0
BRDA:554,33,1,0
BRF:68
BRH:0
end_of_record
TN:
SF:src/shared/system/enforcers/background-task.ts
FN:14,(anonymous_0)
FN:78,(anonymous_1)
FN:86,(anonymous_2)
FN:94,(anonymous_3)
FN:101,(anonymous_4)
FN:114,(anonymous_5)
FN:161,(anonymous_6)
FN:182,(anonymous_7)
FN:207,(anonymous_8)
FN:228,(anonymous_9)
FN:242,(anonymous_10)
FN:257,(anonymous_11)
FN:271,(anonymous_12)
FN:317,(anonymous_13)
FN:348,getBackgroundTaskEnforcer
FNF:15
FNH:0
FNDA:0,(anonymous_0)
FNDA:0,(anonymous_1)
FNDA:0,(anonymous_2)
FNDA:0,(anonymous_3)
FNDA:0,(anonymous_4)
FNDA:0,(anonymous_5)
FNDA:0,(anonymous_6)
FNDA:0,(anonymous_7)
FNDA:0,(anonymous_8)
FNDA:0,(anonymous_9)
FNDA:0,(anonymous_10)
FNDA:0,(anonymous_11)
FNDA:0,(anonymous_12)
FNDA:0,(anonymous_13)
FNDA:0,getBackgroundTaskEnforcer
DA:14,0
DA:15,0
DA:16,0
DA:17,0
DA:18,0
DA:78,0
DA:79,0
DA:80,0
DA:81,0
DA:88,0
DA:95,0
DA:102,0
DA:103,0
DA:119,0
DA:122,0
DA:125,0
DA:128,0
DA:129,0
DA:131,0
DA:134,0
DA:136,0
DA:137,0
DA:138,0
DA:140,0
DA:141,0
DA:145,0
DA:146,0
DA:152,0
DA:162,0
DA:163,0
DA:164,0
DA:165,0
DA:166,0
DA:167,0
DA:168,0
DA:169,0
DA:171,0
DA:183,0
DA:185,0
DA:188,0
DA:189,0
DA:190,0
DA:191,0
DA:192,0
DA:193,0
DA:195,0
DA:208,0
DA:210,0
DA:211,0
DA:213,0
DA:218,0
DA:229,0
DA:231,0
DA:232,0
DA:234,0
DA:236,0
DA:243,0
DA:244,0
DA:246,0
DA:247,0
DA:248,0
DA:250,0
DA:251,0
DA:258,0
DA:259,0
DA:261,0
DA:262,0
DA:264,0
DA:265,0
DA:280,0
DA:290,0
DA:291,0
DA:293,0
DA:294,0
DA:296,0
DA:297,0
DA:299,0
DA:300,0
DA:302,0
DA:303,0
DA:305,0
DA:306,0
DA:308,0
DA:311,0
DA:326,0
DA:327,0
DA:329,0
DA:346,0
DA:348,0
DA:349,0
DA:350,0
DA:352,0
LF:92
LH:0
BRDA:14,0,0,0
BRDA:14,0,1,0
BRDA:131,1,0,0
BRDA:131,1,1,0
BRDA:134,2,0,0
BRDA:134,2,1,0
BRDA:134,3,0,0
BRDA:134,3,1,0
BRDA:138,4,0,0
BRDA:138,4,1,0
BRDA:138,5,0,0
BRDA:138,5,1,0
BRDA:138,5,2,0
BRDA:145,6,0,0
BRDA:145,6,1,0
BRDA:162,7,0,0
BRDA:162,7,1,0
BRDA:164,8,0,0
BRDA:164,8,1,0
BRDA:166,9,0,0
BRDA:166,9,1,0
BRDA:168,10,0,0
BRDA:168,10,1,0
BRDA:183,11,0,0
BRDA:183,11,1,0
BRDA:188,12,0,0
BRDA:188,12,1,0
BRDA:190,13,0,0
BRDA:190,13,1,0
BRDA:192,14,0,0
BRDA:192,14,1,0
BRDA:208,15,0,0
BRDA:208,15,1,0
BRDA:229,16,0,0
BRDA:229,16,1,0
BRDA:244,17,0,0
BRDA:244,17,1,0
BRDA:259,18,0,0
BRDA:259,18,1,0
BRDA:291,19,0,0
BRDA:291,19,1,0
BRDA:291,19,2,0
BRDA:291,19,3,0
BRDA:291,19,4,0
BRDA:334,20,0,0
BRDA:334,20,1,0
BRDA:336,21,0,0
BRDA:336,21,1,0
BRDA:349,22,0,0
BRDA:349,22,1,0
BRF:50
BRH:0
end_of_record
TN:
SF:src/shared/system/enforcers/index.ts
FN:84,(anonymous_9)
FN:97,(anonymous_10)
FN:188,(anonymous_11)
FN:243,(anonymous_12)
FN:259,(anonymous_13)
FN:266,(anonymous_14)
FN:273,(anonymous_15)
FN:280,(anonymous_16)
FN:290,getEnforcerManager
FN:300,enforceAll
FN:307,diagnose
FN:314,getSummary
FN:336,initializeEnforcers
FN:349,(anonymous_22)
FNF:14
FNH:0
FNDA:0,(anonymous_9)
FNDA:0,(anonymous_10)
FNDA:0,(anonymous_11)
FNDA:0,(anonymous_12)
FNDA:0,(anonymous_13)
FNDA:0,(anonymous_14)
FNDA:0,(anonymous_15)
FNDA:0,(anonymous_16)
FNDA:0,getEnforcerManager
FNDA:0,enforceAll
FNDA:0,diagnose
FNDA:0,getSummary
FNDA:0,initializeEnforcers
FNDA:0,(anonymous_22)
DA:10,0
DA:11,0
DA:12,0
DA:13,0
DA:14,0
DA:78,0
DA:79,0
DA:80,0
DA:81,0
DA:82,0
DA:85,0
DA:86,0
DA:87,0
DA:88,0
DA:98,0
DA:108,0
DA:110,0
DA:111,0
DA:113,0
DA:118,0
DA:120,0
DA:121,0
DA:123,0
DA:124,0
DA:127,0
DA:131,0
DA:132,0
DA:133,0
DA:134,0
DA:138,0
DA:143,0
DA:144,0
DA:149,0
DA:150,0
DA:154,0
DA:155,0
DA:160,0
DA:161,0
DA:165,0
DA:166,0
DA:167,0
DA:168,0
DA:172,0
DA:173,0
DA:182,0
DA:189,0
DA:192,0
DA:193,0
DA:194,0
DA:195,0
DA:196,0
DA:197,0
DA:199,0
DA:203,0
DA:204,0
DA:205,0
DA:206,0
DA:208,0
DA:212,0
DA:213,0
DA:214,0
DA:215,0
DA:216,0
DA:217,0
DA:218,0
DA:220,0
DA:223,0
DA:227,0
DA:228,0
DA:229,0
DA:230,0
DA:231,0
DA:232,0
DA:234,0
DA:237,0
DA:244,0
DA:246,0
DA:260,0
DA:267,0
DA:274,0
DA:281,0
DA:288,0
DA:290,0
DA:291,0
DA:292,0
DA:294,0
DA:300,0
DA:301,0
DA:307,0
DA:308,0
DA:314,0
DA:315,0
DA:336,0
DA:337,0
DA:340,0
DA:341,0
DA:349,0
DA:351,0
DA:352,0
DA:353,0
DA:354,0
DA:356,0
DA:357,0
DA:358,0
DA:359,0
DA:360,0
DA:361,0
DA:365,0
DA:367,0
LF:109
LH:0
BRDA:110,0,0,0
BRDA:110,0,1,0
BRDA:110,1,0,0
BRDA:110,1,1,0
BRDA:113,2,0,0
BRDA:113,2,1,0
BRDA:114,3,0,0
BRDA:114,3,1,0
BRDA:114,3,2,0
BRDA:120,4,0,0
BRDA:120,4,1,0
BRDA:120,5,0,0
BRDA:120,5,1,0
BRDA:123,6,0,0
BRDA:123,6,1,0
BRDA:123,7,0,0
BRDA:123,7,1,0
BRDA:131,8,0,0
BRDA:131,8,1,0
BRDA:138,9,0,0
BRDA:138,9,1,0
BRDA:139,10,0,0
BRDA:139,10,1,0
BRDA:139,10,2,0
BRDA:154,11,0,0
BRDA:154,11,1,0
BRDA:154,12,0,0
BRDA:154,12,1,0
BRDA:154,12,2,0
BRDA:165,13,0,0
BRDA:165,13,1,0
BRDA:165,14,0,0
BRDA:165,14,1,0
BRDA:172,15,0,0
BRDA:172,15,1,0
BRDA:175,16,0,0
BRDA:175,16,1,0
BRDA:176,17,0,0
BRDA:176,17,1,0
BRDA:177,18,0,0
BRDA:177,18,1,0
BRDA:178,19,0,0
BRDA:178,19,1,0
BRDA:192,20,0,0
BRDA:192,20,1,0
BRDA:194,21,0,0
BRDA:194,21,1,0
BRDA:196,22,0,0
BRDA:196,22,1,0
BRDA:203,23,0,0
BRDA:203,23,1,0
BRDA:205,24,0,0
BRDA:205,24,1,0
BRDA:212,25,0,0
BRDA:212,25,1,0
BRDA:213,26,0,0
BRDA:213,26,1,0
BRDA:215,27,0,0
BRDA:215,27,1,0
BRDA:217,28,0,0
BRDA:217,28,1,0
BRDA:227,29,0,0
BRDA:227,29,1,0
BRDA:229,30,0,0
BRDA:229,30,1,0
BRDA:231,31,0,0
BRDA:231,31,1,0
BRDA:250,32,0,0
BRDA:250,32,1,0
BRDA:291,33,0,0
BRDA:291,33,1,0
BRF:71
BRH:0
end_of_record
TN:
SF:src/shared/system/enforcers/memory.ts
FN:56,(anonymous_0)
FN:77,(anonymous_1)
FN:88,(anonymous_2)
FN:165,(anonymous_3)
FN:194,(anonymous_4)
FN:223,(anonymous_5)
FN:242,(anonymous_6)
FN:257,(anonymous_7)
FN:270,(anonymous_8)
FN:289,getMemoryEnforcer
FNF:10
FNH:0
FNDA:0,(anonymous_0)
FNDA:0,(anonymous_1)
FNDA:0,(anonymous_2)
FNDA:0,(anonymous_3)
FNDA:0,(anonymous_4)
FNDA:0,(anonymous_5)
FNDA:0,(anonymous_6)
FNDA:0,(anonymous_7)
FNDA:0,(anonymous_8)
FNDA:0,getMemoryEnforcer
DA:11,0
DA:12,0
DA:49,0
DA:50,0
DA:51,0
DA:52,0
DA:53,0
DA:54,0
DA:58,0
DA:59,0
DA:60,0
DA:63,0
DA:64,0
DA:66,0
DA:68,0
DA:79,0
DA:89,0
DA:90,0
DA:93,0
DA:94,0
DA:96,0
DA:97,0
DA:100,0
DA:103,0
DA:107,0
DA:108,0
DA:109,0
DA:113,0
DA:114,0
DA:118,0
DA:120,0
DA:124,0
DA:125,0
DA:130,0
DA:134,0
DA:135,0
DA:137,0
DA:138,0
DA:143,0
DA:144,0
DA:146,0
DA:149,0
DA:153,0
DA:156,0
DA:172,0
DA:178,0
DA:179,0
DA:201,0
DA:210,0
DA:211,0
DA:212,0
DA:224,0
DA:231,0
DA:243,0
DA:244,0
DA:262,0
DA:263,0
DA:264,0
DA:275,0
DA:276,0
DA:287,0
DA:289,0
DA:293,0
DA:294,0
DA:296,0
LF:65
LH:0
BRDA:59,0,0,0
BRDA:59,0,1,0
BRDA:60,1,0,0
BRDA:60,1,1,0
BRDA:89,2,0,0
BRDA:89,2,1,0
BRDA:100,3,0,0
BRDA:100,3,1,0
BRDA:100,3,2,0
BRDA:100,3,3,0
BRDA:124,4,0,0
BRDA:124,4,1,0
BRDA:279,5,0,0
BRDA:279,5,1,0
BRDA:293,6,0,0
BRDA:293,6,1,0
BRF:16
BRH:0
end_of_record
TN:
SF:src/shared/system/enforcers/network.ts
FN:47,(anonymous_0)
FN:54,(anonymous_1)
FN:65,(anonymous_2)
FN:114,(anonymous_3)
FN:137,(anonymous_4)
FN:160,(anonymous_5)
FN:184,(anonymous_6)
FN:195,(anonymous_7)
FN:202,(anonymous_8)
FN:209,(anonymous_9)
FN:229,getNetworkEnforcer
FNF:11
FNH:0
FNDA:0,(anonymous_0)
FNDA:0,(anonymous_1)
FNDA:0,(anonymous_2)
FNDA:0,(anonymous_3)
FNDA:0,(anonymous_4)
FNDA:0,(anonymous_5)
FNDA:0,(anonymous_6)
FNDA:0,(anonymous_7)
FNDA:0,(anonymous_8)
FNDA:0,(anonymous_9)
FNDA:0,getNetworkEnforcer
DA:11,0
DA:41,0
DA:42,0
DA:43,0
DA:44,0
DA:45,0
DA:48,0
DA:56,0
DA:66,0
DA:67,0
DA:70,0
DA:71,0
DA:74,0
DA:75,0
DA:77,0
DA:80,0
DA:81,0
DA:84,0
DA:85,0
DA:88,0
DA:89,0
DA:92,0
DA:93,0
DA:95,0
DA:99,0
DA:123,0
DA:124,0
DA:146,0
DA:147,0
DA:169,0
DA:170,0
DA:188,0
DA:189,0
DA:196,0
DA:203,0
DA:215,0
DA:216,0
DA:227,0
DA:229,0
DA:230,0
DA:231,0
DA:233,0
LF:42
LH:0
BRDA:70,0,0,0
BRDA:70,0,1,0
BRDA:70,1,0,0
BRDA:70,1,1,0
BRDA:96,2,0,0
BRDA:96,2,1,0
BRDA:146,3,0,0
BRDA:146,3,1,0
BRDA:169,4,0,0
BRDA:169,4,1,0
BRDA:230,5,0,0
BRDA:230,5,1,0
BRF:12
BRH:0
end_of_record
TN:
SF:src/shared/system/enforcers/tab.ts
FN:62,(anonymous_0)
FN:69,(anonymous_1)
FN:77,(anonymous_2)
FN:84,(anonymous_3)
FN:94,(anonymous_4)
FN:106,(anonymous_5)
FN:191,(anonymous_6)
FN:198,(anonymous_7)
FN:199,(anonymous_8)
FN:200,(anonymous_9)
FN:225,(anonymous_10)
FN:248,(anonymous_11)
FN:273,(anonymous_12)
FN:275,(anonymous_13)
FN:276,(anonymous_14)
FN:295,(anonymous_15)
FN:307,(anonymous_16)
FN:351,getTabEnforcer
FNF:18
FNH:0
FNDA:0,(anonymous_0)
FNDA:0,(anonymous_1)
FNDA:0,(anonymous_2)
FNDA:0,(anonymous_3)
FNDA:0,(anonymous_4)
FNDA:0,(anonymous_5)
FNDA:0,(anonymous_6)
FNDA:0,(anonymous_7)
FNDA:0,(anonymous_8)
FNDA:0,(anonymous_9)
FNDA:0,(anonymous_10)
FNDA:0,(anonymous_11)
FNDA:0,(anonymous_12)
FNDA:0,(anonymous_13)
FNDA:0,(anonymous_14)
FNDA:0,(anonymous_15)
FNDA:0,(anonymous_16)
FNDA:0,getTabEnforcer
DA:62,0
DA:63,0
DA:64,0
DA:71,0
DA:78,0
DA:85,0
DA:86,0
DA:87,0
DA:95,0
DA:111,0
DA:113,0
DA:116,0
DA:120,0
DA:125,0
DA:126,0
DA:128,0
DA:133,0
DA:138,0
DA:139,0
DA:143,0
DA:144,0
DA:145,0
DA:146,0
DA:149,0
DA:154,0
DA:159,0
DA:160,0
DA:163,0
DA:164,0
DA:165,0
DA:167,0
DA:171,0
DA:175,0
DA:197,0
DA:198,0
DA:199,0
DA:200,0
DA:202,0
DA:203,0
DA:205,0
DA:206,0
DA:207,0
DA:209,0
DA:210,0
DA:213,0
DA:236,0
DA:237,0
DA:238,0
DA:249,0
DA:250,0
DA:255,0
DA:256,0
DA:257,0
DA:258,0
DA:274,0
DA:275,0
DA:276,0
DA:278,0
DA:280,0
DA:281,0
DA:283,0
DA:284,0
DA:287,0
DA:299,0
DA:300,0
DA:301,0
DA:315,0
DA:324,0
DA:325,0
DA:327,0
DA:328,0
DA:330,0
DA:331,0
DA:333,0
DA:334,0
DA:336,0
DA:337,0
DA:339,0
DA:342,0
DA:349,0
DA:351,0
DA:352,0
DA:353,0
DA:355,0
LF:84
LH:0
BRDA:86,0,0,0
BRDA:86,0,1,0
BRDA:113,1,0,0
BRDA:113,1,1,0
BRDA:113,1,2,0
BRDA:113,1,3,0
BRDA:143,2,0,0
BRDA:143,2,1,0
BRDA:198,3,0,0
BRDA:198,3,1,0
BRDA:206,4,0,0
BRDA:206,4,1,0
BRDA:207,5,0,0
BRDA:207,5,1,0
BRDA:207,6,0,0
BRDA:207,6,1,0
BRDA:250,7,0,0
BRDA:250,7,1,0
BRDA:250,8,0,0
BRDA:250,8,1,0
BRDA:281,9,0,0
BRDA:281,9,1,0
BRDA:325,10,0,0
BRDA:325,10,1,0
BRDA:325,10,2,0
BRDA:325,10,3,0
BRDA:352,11,0,0
BRDA:352,11,1,0
BRF:28
BRH:0
end_of_record
TN:
SF:src/shared/system/policies/battery.ts
FN:47,(anonymous_0)
FN:54,(anonymous_1)
FN:140,(anonymous_2)
FN:174,(anonymous_3)
FN:182,(anonymous_4)
FN:190,(anonymous_5)
FN:198,(anonymous_6)
FN:206,(anonymous_7)
FN:214,(anonymous_8)
FN:222,(anonymous_9)
FN:230,(anonymous_10)
FN:237,(anonymous_11)
FN:266,getBatteryPolicy
FNF:13
FNH:0
FNDA:0,(anonymous_0)
FNDA:0,(anonymous_1)
FNDA:0,(anonymous_2)
FNDA:0,(anonymous_3)
FNDA:0,(anonymous_4)
FNDA:0,(anonymous_5)
FNDA:0,(anonymous_6)
FNDA:0,(anonymous_7)
FNDA:0,(anonymous_8)
FNDA:0,(anonymous_9)
FNDA:0,(anonymous_10)
FNDA:0,(anonymous_11)
FNDA:0,getBatteryPolicy
DA:44,0
DA:45,0
DA:48,0
DA:55,0
DA:148,0
DA:149,0
DA:155,0
DA:157,0
DA:158,0
DA:159,0
DA:160,0
DA:161,0
DA:165,0
DA:175,0
DA:176,0
DA:183,0
DA:184,0
DA:191,0
DA:192,0
DA:199,0
DA:200,0
DA:207,0
DA:208,0
DA:215,0
DA:216,0
DA:223,0
DA:224,0
DA:231,0
DA:238,0
DA:264,0
DA:266,0
DA:267,0
DA:268,0
DA:270,0
LF:34
LH:0
BRDA:142,0,0,0
BRDA:148,1,0,0
BRDA:148,1,1,0
BRDA:159,2,0,0
BRDA:159,2,1,0
BRDA:159,3,0,0
BRDA:159,3,1,0
BRDA:174,4,0,0
BRDA:182,5,0,0
BRDA:190,6,0,0
BRDA:198,7,0,0
BRDA:206,8,0,0
BRDA:214,9,0,0
BRDA:222,10,0,0
BRDA:267,11,0,0
BRDA:267,11,1,0
BRF:16
BRH:0
end_of_record
TN:
SF:src/shared/system/policies/cpu.ts
FN:42,(anonymous_0)
FN:49,(anonymous_1)
FN:105,(anonymous_2)
FN:128,(anonymous_3)
FN:136,(anonymous_4)
FN:144,(anonymous_5)
FN:152,(anonymous_6)
FN:160,(anonymous_7)
FN:168,(anonymous_8)
FN:175,(anonymous_9)
FN:202,getCPUPolicy
FNF:11
FNH:0
FNDA:0,(anonymous_0)
FNDA:0,(anonymous_1)
FNDA:0,(anonymous_2)
FNDA:0,(anonymous_3)
FNDA:0,(anonymous_4)
FNDA:0,(anonymous_5)
FNDA:0,(anonymous_6)
FNDA:0,(anonymous_7)
FNDA:0,(anonymous_8)
FNDA:0,(anonymous_9)
FNDA:0,getCPUPolicy
DA:39,0
DA:40,0
DA:43,0
DA:50,0
DA:109,0
DA:111,0
DA:112,0
DA:113,0
DA:114,0
DA:115,0
DA:119,0
DA:129,0
DA:130,0
DA:137,0
DA:138,0
DA:145,0
DA:146,0
DA:153,0
DA:154,0
DA:161,0
DA:162,0
DA:169,0
DA:176,0
DA:200,0
DA:202,0
DA:203,0
DA:204,0
DA:206,0
LF:28
LH:0
BRDA:113,0,0,0
BRDA:113,0,1,0
BRDA:113,1,0,0
BRDA:113,1,1,0
BRDA:203,2,0,0
BRDA:203,2,1,0
BRF:6
BRH:0
end_of_record
TN:
SF:src/shared/system/policies/index.ts
FN:17,(anonymous_0)
FN:17,(anonymous_1)
FN:20,(anonymous_2)
FN:20,(anonymous_3)
FN:23,(anonymous_4)
FN:23,(anonymous_5)
FN:26,(anonymous_6)
FN:26,(anonymous_7)
FN:48,(anonymous_8)
FN:71,(anonymous_9)
FN:78,(anonymous_10)
FN:85,(anonymous_11)
FN:92,(anonymous_12)
FN:103,(anonymous_13)
FN:141,(anonymous_14)
FN:176,getPolicyManager
FNF:16
FNH:0
FNDA:0,(anonymous_0)
FNDA:0,(anonymous_1)
FNDA:0,(anonymous_2)
FNDA:0,(anonymous_3)
FNDA:0,(anonymous_4)
FNDA:0,(anonymous_5)
FNDA:0,(anonymous_6)
FNDA:0,(anonymous_7)
FNDA:0,(anonymous_8)
FNDA:0,(anonymous_9)
FNDA:0,(anonymous_10)
FNDA:0,(anonymous_11)
FNDA:0,(anonymous_12)
FNDA:0,(anonymous_13)
FNDA:0,(anonymous_14)
FNDA:0,getPolicyManager
DA:11,0
DA:12,0
DA:13,0
DA:14,0
DA:15,0
DA:17,0
DA:20,0
DA:23,0
DA:26,0
DA:42,0
DA:43,0
DA:44,0
DA:45,0
DA:46,0
DA:51,0
DA:52,0
DA:53,0
DA:55,0
DA:56,0
DA:57,0
DA:58,0
DA:60,0
DA:72,0
DA:79,0
DA:86,0
DA:93,0
DA:116,0
DA:118,0
DA:123,0
DA:124,0
DA:127,0
DA:129,0
DA:148,0
DA:149,0
DA:150,0
DA:151,0
DA:153,0
DA:174,0
DA:176,0
DA:181,0
DA:182,0
DA:184,0
LF:42
LH:0
BRDA:51,0,0,0
BRDA:51,0,1,0
BRDA:52,1,0,0
BRDA:52,1,1,0
BRDA:53,2,0,0
BRDA:53,2,1,0
BRDA:108,3,0,0
BRDA:118,4,0,0
BRDA:118,4,1,0
BRDA:146,5,0,0
BRDA:165,6,0,0
BRDA:165,6,1,0
BRDA:181,7,0,0
BRDA:181,7,1,0
BRF:14
BRH:0
end_of_record
TN:
SF:src/shared/system/policies/memory.ts
FN:38,(anonymous_0)
FN:54,(anonymous_1)
FN:109,(anonymous_2)
FN:142,(anonymous_3)
FN:150,(anonymous_4)
FN:157,(anonymous_5)
FN:171,(anonymous_6)
FN:197,getMemoryPolicy
FNF:8
FNH:4
FNDA:15,(anonymous_0)
FNDA:15,(anonymous_1)
FNDA:18,(anonymous_2)
FNDA:3,(anonymous_3)
FNDA:0,(anonymous_4)
FNDA:0,(anonymous_5)
FNDA:0,(anonymous_6)
FNDA:0,getMemoryPolicy
DA:35,1
DA:36,15
DA:39,15
DA:40,15
DA:41,15
DA:43,15
DA:55,15
DA:115,18
DA:116,18
DA:117,12
DA:118,12
DA:122,18
DA:124,18
DA:125,53
DA:126,53
DA:127,12
DA:128,12
DA:132,18
DA:143,3
DA:144,3
DA:151,0
DA:162,0
DA:163,0
DA:164,0
DA:165,0
DA:172,0
DA:195,1
DA:197,1
DA:202,0
DA:203,0
DA:205,0
LF:31
LH:22
BRDA:39,0,0,0
BRDA:40,1,0,0
BRDA:41,2,0,0
BRDA:116,3,0,12
BRDA:116,3,1,6
BRDA:126,4,0,12
BRDA:126,4,1,41
BRDA:126,5,0,53
BRDA:126,5,1,53
BRDA:202,6,0,0
BRDA:202,6,1,0
BRF:11
BRH:6
end_of_record
TN:
SF:src/shared/system/policies/network.ts
FN:43,(anonymous_0)
FN:50,(anonymous_1)
FN:109,(anonymous_2)
FN:122,(anonymous_3)
FN:123,(anonymous_4)
FN:137,(anonymous_5)
FN:145,(anonymous_6)
FN:153,(anonymous_7)
FN:161,(anonymous_8)
FN:169,(anonymous_9)
FN:177,(anonymous_10)
FN:184,(anonymous_11)
FN:212,getNetworkPolicy
FNF:13
FNH:0
FNDA:0,(anonymous_0)
FNDA:0,(anonymous_1)
FNDA:0,(anonymous_2)
FNDA:0,(anonymous_3)
FNDA:0,(anonymous_4)
FNDA:0,(anonymous_5)
FNDA:0,(anonymous_6)
FNDA:0,(anonymous_7)
FNDA:0,(anonymous_8)
FNDA:0,(anonymous_9)
FNDA:0,(anonymous_10)
FNDA:0,(anonymous_11)
FNDA:0,getNetworkPolicy
DA:40,0
DA:41,0
DA:44,0
DA:51,0
DA:110,0
DA:111,0
DA:112,0
DA:113,0
DA:123,0
DA:124,0
DA:126,0
DA:128,0
DA:138,0
DA:139,0
DA:146,0
DA:147,0
DA:154,0
DA:155,0
DA:162,0
DA:163,0
DA:170,0
DA:171,0
DA:178,0
DA:185,0
DA:210,0
DA:212,0
DA:213,0
DA:214,0
DA:216,0
LF:29
LH:0
BRDA:110,0,0,0
BRDA:110,0,1,0
BRDA:111,1,0,0
BRDA:111,1,1,0
BRDA:112,2,0,0
BRDA:112,2,1,0
BRDA:124,3,0,0
BRDA:124,3,1,0
BRDA:213,4,0,0
BRDA:213,4,1,0
BRF:10
BRH:0
end_of_record
TN:
SF:src/shared/types/index.ts
FN:10,(anonymous_0)
FNF:1
FNH:0
FNDA:0,(anonymous_0)
DA:10,0
LF:1
LH:0
BRF:0
BRH:0
end_of_record
TN:
SF:src/shared/utils/async.ts
FN:14,withTimeout
FN:20,(anonymous_1)
FN:22,(anonymous_2)
FN:37,withRetry
FN:52,(anonymous_4)
FN:63,delay
FN:64,(anonymous_6)
FN:70,sequential
FN:83,parallel
FN:90,race
FN:100,(anonymous_10)
FN:105,(anonymous_11)
FN:106,(anonymous_12)
FN:108,(anonymous_13)
FN:113,(anonymous_14)
FN:121,(anonymous_15)
FNF:16
FNH:0
FNDA:0,withTimeout
FNDA:0,(anonymous_1)
FNDA:0,(anonymous_2)
FNDA:0,withRetry
FNDA:0,(anonymous_4)
FNDA:0,delay
FNDA:0,(anonymous_6)
FNDA:0,sequential
FNDA:0,parallel
FNDA:0,race
FNDA:0,(anonymous_10)
FNDA:0,(anonymous_11)
FNDA:0,(anonymous_12)
FNDA:0,(anonymous_13)
FNDA:0,(anonymous_14)
FNDA:0,(anonymous_15)
DA:7,0
DA:8,0
DA:14,0
DA:18,0
DA:21,0
DA:23,0
DA:37,0
DA:42,0
DA:44,0
DA:45,0
DA:46,0
DA:48,0
DA:50,0
DA:51,0
DA:52,0
DA:57,0
DA:63,0
DA:64,0
DA:70,0
DA:71,0
DA:73,0
DA:74,0
DA:77,0
DA:83,0
DA:84,0
DA:90,0
DA:91,0
DA:97,0
DA:98,0
DA:101,0
DA:102,0
DA:106,0
DA:107,0
DA:109,0
DA:110,0
DA:114,0
DA:115,0
DA:122,0
DA:123,0
LF:39
LH:0
BRDA:16,0,0,0
BRDA:39,1,0,0
BRDA:40,2,0,0
BRDA:48,3,0,0
BRDA:48,3,1,0
BRDA:50,4,0,0
BRDA:50,4,1,0
BRDA:57,5,0,0
BRDA:57,5,1,0
BRDA:109,6,0,0
BRDA:109,6,1,0
BRDA:114,7,0,0
BRDA:114,7,1,0
BRF:13
BRH:0
end_of_record
TN:
SF:src/shared/utils/index.ts
FN:6,(anonymous_0)
FN:7,(anonymous_1)
FN:8,(anonymous_2)
FN:9,(anonymous_3)
FN:10,(anonymous_4)
FN:11,(anonymous_5)
FN:12,(anonymous_6)
FN:13,(anonymous_7)
FN:17,(anonymous_8)
FN:18,(anonymous_9)
FN:19,(anonymous_10)
FN:20,(anonymous_11)
FN:21,(anonymous_12)
FN:22,(anonymous_13)
FN:23,(anonymous_14)
FNF:15
FNH:0
FNDA:0,(anonymous_0)
FNDA:0,(anonymous_1)
FNDA:0,(anonymous_2)
FNDA:0,(anonymous_3)
FNDA:0,(anonymous_4)
FNDA:0,(anonymous_5)
FNDA:0,(anonymous_6)
FNDA:0,(anonymous_7)
FNDA:0,(anonymous_8)
FNDA:0,(anonymous_9)
FNDA:0,(anonymous_10)
FNDA:0,(anonymous_11)
FNDA:0,(anonymous_12)
FNDA:0,(anonymous_13)
FNDA:0,(anonymous_14)
DA:5,0
DA:6,0
DA:7,0
DA:8,0
DA:9,0
DA:10,0
DA:11,0
DA:12,0
DA:13,0
DA:16,0
DA:17,0
DA:18,0
DA:19,0
DA:20,0
DA:21,0
DA:22,0
DA:23,0
LF:17
LH:0
BRF:0
BRH:0
end_of_record
TN:
SF:src/shared/utils/validation.ts
FN:18,isValidUrl
FN:34,validateUrl
FN:65,isValidEmail
FN:82,isValidFilePath
FN:98,(anonymous_4)
FN:108,validateFilePath
FN:118,validateRequired
FN:128,validateRange
FN:143,validateStringLength
FNF:9
FNH:0
FNDA:0,isValidUrl
FNDA:0,validateUrl
FNDA:0,isValidEmail
FNDA:0,isValidFilePath
FNDA:0,(anonymous_4)
FNDA:0,validateFilePath
FNDA:0,validateRequired
FNDA:0,validateRange
FNDA:0,validateStringLength
DA:8,0
DA:13,0
DA:18,0
DA:19,0
DA:20,0
DA:21,0
DA:23,0
DA:34,0
DA:35,0
DA:36,0
DA:39,0
DA:40,0
DA:43,0
DA:44,0
DA:50,0
DA:52,0
DA:53,0
DA:55,0
DA:65,0
DA:67,0
DA:68,0
DA:82,0
DA:84,0
DA:85,0
DA:89,0
DA:98,0
DA:99,0
DA:102,0
DA:108,0
DA:109,0
DA:110,0
DA:112,0
DA:118,0
DA:119,0
DA:120,0
DA:122,0
DA:128,0
DA:129,0
DA:130,0
DA:137,0
DA:143,0
DA:149,0
DA:150,0
DA:157,0
LF:44
LH:0
BRDA:35,0,0,0
BRDA:35,0,1,0
BRDA:43,1,0,0
BRDA:43,1,1,0
BRDA:52,2,0,0
BRDA:52,2,1,0
BRDA:68,3,0,0
BRDA:68,3,1,0
BRDA:84,4,0,0
BRDA:84,4,1,0
BRDA:84,5,0,0
BRDA:84,5,1,0
BRDA:98,6,0,0
BRDA:98,6,1,0
BRDA:109,7,0,0
BRDA:109,7,1,0
BRDA:119,8,0,0
BRDA:119,8,1,0
BRDA:119,9,0,0
BRDA:119,9,1,0
BRDA:129,10,0,0
BRDA:129,10,1,0
BRDA:129,11,0,0
BRDA:129,11,1,0
BRDA:149,12,0,0
BRDA:149,12,1,0
BRDA:149,13,0,0
BRDA:149,13,1,0
BRF:28
BRH:0
end_of_record
